<?xml version="1.0" encoding="UTF-8"?>
<testsuite xmlns:xsi="http://www.w3.org/2001/XMLSchema-instance" xsi:noNamespaceSchemaLocation="https://maven.apache.org/surefire/maven-surefire-plugin/xsd/surefire-test-report.xsd" version="3.0.2" name="com.weatherdashboard.api.controller.WeatherControllerTest" time="2.089" tests="4" errors="0" skipped="0" failures="0">
  <properties>
[...]
</properties>
  <testcase name="testGetWeatherByCity_response_isInternalDtoNotRawApi" classname="com.weatherdashboard.api.controller.WeatherControllerTest" time="0.124">
    <system-out><![CDATA[15:00:16.367 [main] INFO org.springframework.test.context.support.AnnotationConfigContextLoaderUtils -- Could not detect default configuration classes for test class [com.weatherdashboard.api.controller.WeatherControllerTest]: WeatherControllerTest does not declare any static, non-private, non-final, nested classes annotated with @Configuration.
15:00:16.458 [main] INFO org.springframework.boot.test.context.SpringBootTestContextBootstrapper -- Found @SpringBootConfiguration com.weatherdashboard.WeatherDashboardApplication for test class com.weatherdashboard.api.controller.WeatherControllerTest

  .   ____          _            __ _ _
 /\\ / ___'_ __ _ _(_)_ __  __ _ \ \ \ \
( ( )\___ | '_ | '_| | '_ \/ _` | \ \ \ \
 \\/  ___)| |_)| | | | | || (_| |  ) ) ) )
  '  |____| .__|_| |_|_| |_\__, | / / / /
 =========|_|==============|___/=/_/_/_/

 :: Spring Boot ::                (v3.5.0)

2026-03-27T15:00:16.745+05:30  INFO 11433 --- [weather-dashboard] [           main] c.w.a.controller.WeatherControllerTest   : Starting WeatherControllerTest using Java 25.0.1 with PID 11433 (started by shubhamgupta_01 in /Users/shubhamgupta_01/Projects/weather-dashboard)
2026-03-27T15:00:16.746+05:30  INFO 11433 --- [weather-dashboard] [           main] c.w.a.controller.WeatherControllerTest   : The following 1 profile is active: "default"
2026-03-27T15:00:18.176+05:30  INFO 11433 --- [weather-dashboard] [           main] o.s.b.t.m.w.SpringBootMockServletContext : Initializing Spring TestDispatcherServlet ''
2026-03-27T15:00:18.176+05:30  INFO 11433 --- [weather-dashboard] [           main] o.s.t.web.servlet.TestDispatcherServlet  : Initializing Servlet ''
2026-03-27T15:00:18.176+05:30  INFO 11433 --- [weather-dashboard] [           main] o.s.t.web.servlet.TestDispatcherServlet  : Completed initialization in 0 ms
2026-03-27T15:00:18.193+05:30  INFO 11433 --- [weather-dashboard] [           main] c.w.a.controller.WeatherControllerTest   : Started WeatherControllerTest in 1.649 seconds (process running for 2.274)
]]></system-out>
    <system-err><![CDATA[Mockito is currently self-attaching to enable the inline-mock-maker. This will no longer work in future releases of the JDK. Please add Mockito as an agent to your build as described in Mockito's documentation: https://javadoc.io/doc/org.mockito/mockito-core/latest/org.mockito/org/mockito/Mockito.html#0.3
WARNING: A Java agent has been loaded dynamically (/Users/shubhamgupta_01/.m2/repository/net/bytebuddy/byte-buddy-agent/1.17.5/byte-buddy-agent-1.17.5.jar)
WARNING: If a serviceability tool is in use, please run with -XX:+EnableDynamicAgentLoading to hide this warning
WARNING: If a serviceability tool is not in use, please run with -Djdk.instrument.traceUsage for more information
WARNING: Dynamic loading of agents will be disallowed by default in a future release
]]></system-err>
  </testcase>
  <testcase name="testGetWeatherByCity_multipleCities_eachReturnsCorrectData" classname="com.weatherdashboard.api.controller.WeatherControllerTest" time="0.007"/>
  <testcase name="testGetWeatherByCity_repeatedRequests_returnsFreshData" classname="com.weatherdashboard.api.controller.WeatherControllerTest" time="0.005"/>
  <testcase name="testGetWeatherByCity_validCity_returns200" classname="com.weatherdashboard.api.controller.WeatherControllerTest" time="0.026"/>
</testsuite>